<?xml version="1.0" encoding="UTF-8"?>
<!-- Generated by org.testng.reporters.JUnitReportReporter -->
<testsuite skipped="0" hostname="LAPTOP-PVKNAV4O" name="practice.Demo11" tests="1" failures="0" timestamp="11 Nov 2021 10:30:16 GMT" time="0.017" errors="0">
  <testcase name="sample" time="0.017" classname="practice.Demo11"/>
</testsuite> <!-- practice.Demo11 -->
